<?xml version="1.0" encoding="UTF-8"?>
<!-- Generated by org.testng.reporters.JUnitReportReporter -->
<testsuite hostname="ASCINLAP60722" failures="0" tests="1" name="pack1.GET_AllBooks_BDD" time="3.076" errors="0" timestamp="2024-11-14T12:53:14 IST" skipped="0">
  <testcase classname="pack1.GET_AllBooks_BDD" name="getbooks" time="3.076"/>
  <system-out/>
</testsuite> <!-- pack1.GET_AllBooks_BDD -->
