<?xml version="1.0" encoding="UTF-8"?>
<!-- Generated by org.testng.reporters.JUnitReportReporter -->
<testsuite hostname="ASCINLAP60722" failures="0" tests="1" name="pack1.EXCEL" time="3.189" errors="0" timestamp="2024-11-14T12:43:11 IST" skipped="0">
  <testcase classname="pack1.EXCEL" name="executeBookRequest" time="3.189"/>
  <system-out/>
</testsuite> <!-- pack1.EXCEL -->
